  [1m[35m (521.3ms)[0m  [1m[35mCREATE DATABASE "Projet_1_development" ENCODING = 'unicode'[0m
  ↳ bin/rails:9
  [1m[35m (353.1ms)[0m  [1m[35mCREATE DATABASE "Projet_1_test" ENCODING = 'unicode'[0m
  ↳ bin/rails:9
  [1m[35m (14.9ms)[0m  [1m[35mCREATE TABLE "schema_migrations" ("version" character varying NOT NULL PRIMARY KEY)[0m
  ↳ bin/rails:9
  [1m[35m (5.5ms)[0m  [1m[35mCREATE TABLE "ar_internal_metadata" ("key" character varying NOT NULL PRIMARY KEY, "value" character varying, "created_at" timestamp NOT NULL, "updated_at" timestamp NOT NULL)[0m
  ↳ bin/rails:9
  [1m[35m (1.0ms)[0m  [1m[34mSELECT pg_try_advisory_lock(244676673169779690)[0m
  ↳ bin/rails:9
  [1m[35m (0.4ms)[0m  [1m[34mSELECT "schema_migrations"."version" FROM "schema_migrations" ORDER BY "schema_migrations"."version" ASC[0m
  ↳ bin/rails:9
Migrating to CreateItems (20191125110704)
  [1m[35m (0.2ms)[0m  [1m[35mBEGIN[0m
  ↳ bin/rails:9
  [1m[35m (5.1ms)[0m  [1m[35mCREATE TABLE "items" ("id" bigserial primary key, "title" character varying, "description" text, "price" float, "image_url" character varying, "created_at" timestamp NOT NULL, "updated_at" timestamp NOT NULL)[0m
  ↳ db/migrate/20191125110704_create_items.rb:3
  [1m[36mActiveRecord::SchemaMigration Create (1.2ms)[0m  [1m[32mINSERT INTO "schema_migrations" ("version") VALUES ($1) RETURNING "version"[0m  [["version", "20191125110704"]]
  ↳ bin/rails:9
  [1m[35m (0.3ms)[0m  [1m[35mCOMMIT[0m
  ↳ bin/rails:9
  [1m[36mActiveRecord::InternalMetadata Load (0.3ms)[0m  [1m[34mSELECT  "ar_internal_metadata".* FROM "ar_internal_metadata" WHERE "ar_internal_metadata"."key" = $1 LIMIT $2[0m  [["key", "environment"], ["LIMIT", 1]]
  ↳ bin/rails:9
  [1m[35m (0.1ms)[0m  [1m[35mBEGIN[0m
  ↳ bin/rails:9
  [1m[36mActiveRecord::InternalMetadata Create (0.6ms)[0m  [1m[32mINSERT INTO "ar_internal_metadata" ("key", "value", "created_at", "updated_at") VALUES ($1, $2, $3, $4) RETURNING "key"[0m  [["key", "environment"], ["value", "development"], ["created_at", "2019-11-25 11:08:33.937818"], ["updated_at", "2019-11-25 11:08:33.937818"]]
  ↳ bin/rails:9
  [1m[35m (0.3ms)[0m  [1m[35mCOMMIT[0m
  ↳ bin/rails:9
  [1m[35m (0.2ms)[0m  [1m[34mSELECT pg_advisory_unlock(244676673169779690)[0m
  ↳ bin/rails:9
  [1m[35m (0.2ms)[0m  [1m[34mSELECT "schema_migrations"."version" FROM "schema_migrations" ORDER BY "schema_migrations"."version" ASC[0m
  ↳ bin/rails:9
  [1m[35m (0.5ms)[0m  [1m[34mSELECT "schema_migrations"."version" FROM "schema_migrations" ORDER BY "schema_migrations"."version" ASC[0m
  ↳ bin/rails:9
  [1m[35m (0.4ms)[0m  [1m[34mSELECT "schema_migrations"."version" FROM "schema_migrations" ORDER BY "schema_migrations"."version" ASC[0m
  ↳ bin/rails:9
  [1m[35m (0.4ms)[0m  [1m[34mSELECT "schema_migrations"."version" FROM "schema_migrations" ORDER BY "schema_migrations"."version" ASC[0m
  ↳ bin/rails:9
  [1m[36mItem Load (2.7ms)[0m  [1m[34mSELECT "items".* FROM "items"[0m
  ↳ db/seeds.rb:11
  [1m[35m (0.1ms)[0m  [1m[35mBEGIN[0m
  ↳ db/seeds.rb:14
  [1m[36mItem Create (6.9ms)[0m  [1m[32mINSERT INTO "items" ("title", "description", "price", "image_url", "created_at", "updated_at") VALUES ($1, $2, $3, $4, $5, $6) RETURNING "id"[0m  [["title", "Lucy"], ["description", "Turkish Van"], ["price", 23.11], ["image_url", " $5\u0018 풑\u{84C18}흼󱳊I 氈씱S\u{B50CC}\u{A3E33} \u007F\u{D8715}磥 詸  쥭\u{D5BB0}絛\u{D7A63}y d\u{8E73D}"], ["created_at", "2019-11-25 11:19:53.428867"], ["updated_at", "2019-11-25 11:19:53.428867"]]
  ↳ db/seeds.rb:14
  [1m[35m (0.4ms)[0m  [1m[35mCOMMIT[0m
  ↳ db/seeds.rb:14
  [1m[35m (0.1ms)[0m  [1m[35mBEGIN[0m
  ↳ db/seeds.rb:14
  [1m[36mItem Create (0.2ms)[0m  [1m[32mINSERT INTO "items" ("title", "description", "price", "image_url", "created_at", "updated_at") VALUES ($1, $2, $3, $4, $5, $6) RETURNING "id"[0m  [["title", "Sam"], ["description", "Minskin"], ["price", 91.04], ["image_url", " 􈓺𪴰 \u0016H\u{1D27E}痀辱S  ἬQ깐ᛣ2\u{4B0FD} \u{B860A} \a U  \u0014^ 􇯰  "], ["created_at", "2019-11-25 11:19:53.438004"], ["updated_at", "2019-11-25 11:19:53.438004"]]
  ↳ db/seeds.rb:14
  [1m[35m (0.4ms)[0m  [1m[35mCOMMIT[0m
  ↳ db/seeds.rb:14
  [1m[35m (0.1ms)[0m  [1m[35mBEGIN[0m
  ↳ db/seeds.rb:14
  [1m[36mItem Create (2.5ms)[0m  [1m[32mINSERT INTO "items" ("title", "description", "price", "image_url", "created_at", "updated_at") VALUES ($1, $2, $3, $4, $5, $6) RETURNING "id"[0m  [["title", "Shadow"], ["description", "Asian Semi-longhair"], ["price", 52.76], ["image_url", "J<\t\u{B37F1}⢠/⒂\u{D286F}\u{83B60}姿t\u{9CD55}\u{3EAA2}\u{58B58}\u{E665D}3퉜\aA\u{8F6C5}3\u{E7918}렄\u001D.􂑾 󰾦ṵ\u{C8803}醇\u{9ADE6}"], ["created_at", "2019-11-25 11:19:53.440307"], ["updated_at", "2019-11-25 11:19:53.440307"]]
  ↳ db/seeds.rb:14
  [1m[35m (0.4ms)[0m  [1m[35mCOMMIT[0m
  ↳ db/seeds.rb:14
  [1m[35m (0.1ms)[0m  [1m[35mBEGIN[0m
  ↳ db/seeds.rb:14
  [1m[36mItem Create (0.2ms)[0m  [1m[32mINSERT INTO "items" ("title", "description", "price", "image_url", "created_at", "updated_at") VALUES ($1, $2, $3, $4, $5, $6) RETURNING "id"[0m  [["title", "Sooty"], ["description", "Turkish Van"], ["price", 35.16], ["image_url", "妹I䑶X\u0018\uA878H6瘖鰯膒 UP@N~ه4Y\u{58F70} 嗅 \u{4766C}\a\t r 䩱"], ["created_at", "2019-11-25 11:19:53.444828"], ["updated_at", "2019-11-25 11:19:53.444828"]]
  ↳ db/seeds.rb:14
  [1m[35m (0.3ms)[0m  [1m[35mCOMMIT[0m
  ↳ db/seeds.rb:14
  [1m[35m (0.1ms)[0m  [1m[35mBEGIN[0m
  ↳ db/seeds.rb:14
  [1m[36mItem Create (0.3ms)[0m  [1m[32mINSERT INTO "items" ("title", "description", "price", "image_url", "created_at", "updated_at") VALUES ($1, $2, $3, $4, $5, $6) RETURNING "id"[0m  [["title", "Smokey"], ["description", "Pixie-bob"], ["price", 75.72], ["image_url", "쭼x$ 1斛\u{10D02} \u{7FCBD}\u{50A61}\u0002L \u0004 􅃞   \u0001M 뵫\u{91A00}xꨧ o󾡆肙 퇴"], ["created_at", "2019-11-25 11:19:53.446843"], ["updated_at", "2019-11-25 11:19:53.446843"]]
  ↳ db/seeds.rb:14
  [1m[35m (0.3ms)[0m  [1m[35mCOMMIT[0m
  ↳ db/seeds.rb:14
  [1m[36mItem Load (2.1ms)[0m  [1m[34mSELECT "items".* FROM "items"[0m
  ↳ db/seeds.rb:17
Started GET "/" for ::1 at 2019-11-25 12:26:33 +0100
  [1m[35m (0.9ms)[0m  [1m[34mSELECT "schema_migrations"."version" FROM "schema_migrations" ORDER BY "schema_migrations"."version" ASC[0m
  ↳ /Users/marius/.rvm/gems/ruby-2.5.1/gems/activerecord-5.2.3/lib/active_record/log_subscriber.rb:98
Processing by ItemsController#index as HTML
Completed 406 Not Acceptable in 94ms (ActiveRecord: 0.0ms)


  
ActionController::UnknownFormat (ItemsController#index is missing a template for this request format and variant.

request.formats: ["text/html"]
request.variant: []

NOTE! For XHR/Ajax or API requests, this action would normally respond with 204 No Content: an empty white screen. Since you're loading it in a web browser, we assume that you expected to actually render a template, not nothing, so we're showing an error to be extra-clear. If you expect 204 No Content, carry on. That's what you'll get from an XHR or API request. Give it a shot.):
  
actionpack (5.2.3) lib/action_controller/metal/implicit_render.rb:55:in `default_render'
actionpack (5.2.3) lib/action_controller/metal/basic_implicit_render.rb:6:in `block in send_action'
actionpack (5.2.3) lib/action_controller/metal/basic_implicit_render.rb:6:in `tap'
actionpack (5.2.3) lib/action_controller/metal/basic_implicit_render.rb:6:in `send_action'
actionpack (5.2.3) lib/abstract_controller/base.rb:194:in `process_action'
actionpack (5.2.3) lib/action_controller/metal/rendering.rb:30:in `process_action'
actionpack (5.2.3) lib/abstract_controller/callbacks.rb:42:in `block in process_action'
activesupport (5.2.3) lib/active_support/callbacks.rb:132:in `run_callbacks'
actionpack (5.2.3) lib/abstract_controller/callbacks.rb:41:in `process_action'
actionpack (5.2.3) lib/action_controller/metal/rescue.rb:22:in `process_action'
actionpack (5.2.3) lib/action_controller/metal/instrumentation.rb:34:in `block in process_action'
activesupport (5.2.3) lib/active_support/notifications.rb:168:in `block in instrument'
activesupport (5.2.3) lib/active_support/notifications/instrumenter.rb:23:in `instrument'
activesupport (5.2.3) lib/active_support/notifications.rb:168:in `instrument'
actionpack (5.2.3) lib/action_controller/metal/instrumentation.rb:32:in `process_action'
actionpack (5.2.3) lib/action_controller/metal/params_wrapper.rb:256:in `process_action'
activerecord (5.2.3) lib/active_record/railties/controller_runtime.rb:24:in `process_action'
actionpack (5.2.3) lib/abstract_controller/base.rb:134:in `process'
actionview (5.2.3) lib/action_view/rendering.rb:32:in `process'
actionpack (5.2.3) lib/action_controller/metal.rb:191:in `dispatch'
actionpack (5.2.3) lib/action_controller/metal.rb:252:in `dispatch'
actionpack (5.2.3) lib/action_dispatch/routing/route_set.rb:52:in `dispatch'
actionpack (5.2.3) lib/action_dispatch/routing/route_set.rb:34:in `serve'
actionpack (5.2.3) lib/action_dispatch/journey/router.rb:52:in `block in serve'
actionpack (5.2.3) lib/action_dispatch/journey/router.rb:35:in `each'
actionpack (5.2.3) lib/action_dispatch/journey/router.rb:35:in `serve'
actionpack (5.2.3) lib/action_dispatch/routing/route_set.rb:840:in `call'
rack (2.0.7) lib/rack/tempfile_reaper.rb:15:in `call'
rack (2.0.7) lib/rack/etag.rb:25:in `call'
rack (2.0.7) lib/rack/conditional_get.rb:25:in `call'
rack (2.0.7) lib/rack/head.rb:12:in `call'
actionpack (5.2.3) lib/action_dispatch/http/content_security_policy.rb:18:in `call'
rack (2.0.7) lib/rack/session/abstract/id.rb:232:in `context'
rack (2.0.7) lib/rack/session/abstract/id.rb:226:in `call'
actionpack (5.2.3) lib/action_dispatch/middleware/cookies.rb:670:in `call'
activerecord (5.2.3) lib/active_record/migration.rb:559:in `call'
actionpack (5.2.3) lib/action_dispatch/middleware/callbacks.rb:28:in `block in call'
activesupport (5.2.3) lib/active_support/callbacks.rb:98:in `run_callbacks'
actionpack (5.2.3) lib/action_dispatch/middleware/callbacks.rb:26:in `call'
actionpack (5.2.3) lib/action_dispatch/middleware/executor.rb:14:in `call'
actionpack (5.2.3) lib/action_dispatch/middleware/debug_exceptions.rb:61:in `call'
web-console (3.7.0) lib/web_console/middleware.rb:135:in `call_app'
web-console (3.7.0) lib/web_console/middleware.rb:30:in `block in call'
web-console (3.7.0) lib/web_console/middleware.rb:20:in `catch'
web-console (3.7.0) lib/web_console/middleware.rb:20:in `call'
actionpack (5.2.3) lib/action_dispatch/middleware/show_exceptions.rb:33:in `call'
railties (5.2.3) lib/rails/rack/logger.rb:38:in `call_app'
railties (5.2.3) lib/rails/rack/logger.rb:26:in `block in call'
activesupport (5.2.3) lib/active_support/tagged_logging.rb:71:in `block in tagged'
activesupport (5.2.3) lib/active_support/tagged_logging.rb:28:in `tagged'
activesupport (5.2.3) lib/active_support/tagged_logging.rb:71:in `tagged'
railties (5.2.3) lib/rails/rack/logger.rb:26:in `call'
sprockets-rails (3.2.1) lib/sprockets/rails/quiet_assets.rb:13:in `call'
actionpack (5.2.3) lib/action_dispatch/middleware/remote_ip.rb:81:in `call'
actionpack (5.2.3) lib/action_dispatch/middleware/request_id.rb:27:in `call'
rack (2.0.7) lib/rack/method_override.rb:22:in `call'
rack (2.0.7) lib/rack/runtime.rb:22:in `call'
activesupport (5.2.3) lib/active_support/cache/strategy/local_cache_middleware.rb:29:in `call'
actionpack (5.2.3) lib/action_dispatch/middleware/executor.rb:14:in `call'
actionpack (5.2.3) lib/action_dispatch/middleware/static.rb:127:in `call'
rack (2.0.7) lib/rack/sendfile.rb:111:in `call'
railties (5.2.3) lib/rails/engine.rb:524:in `call'
puma (3.12.1) lib/puma/configuration.rb:227:in `call'
puma (3.12.1) lib/puma/server.rb:660:in `handle_request'
puma (3.12.1) lib/puma/server.rb:474:in `process_client'
puma (3.12.1) lib/puma/server.rb:334:in `block in run'
puma (3.12.1) lib/puma/thread_pool.rb:135:in `block in spawn_thread'
Started GET "/" for ::1 at 2019-11-25 12:27:25 +0100
Processing by ItemsController#index as HTML
  Rendering items/index.html.erb within layouts/application
  Rendered items/index.html.erb within layouts/application (0.5ms)
Completed 200 OK in 368ms (Views: 363.2ms | ActiveRecord: 0.0ms)


Started GET "/" for ::1 at 2019-11-25 12:31:30 +0100
Processing by ItemsController#index as HTML
  Rendering items/index.html.erb within layouts/application
  [1m[36mItem Load (1.4ms)[0m  [1m[34mSELECT "items".* FROM "items"[0m
  ↳ app/views/items/index.html.erb:1
  Rendered items/index.html.erb within layouts/application (44.0ms)
Completed 200 OK in 94ms (Views: 79.8ms | ActiveRecord: 7.0ms)


Started GET "/" for ::1 at 2019-11-25 12:38:19 +0100
Processing by ItemsController#index as HTML
  Rendering items/index.html.erb within layouts/application
  [1m[36mItem Load (0.7ms)[0m  [1m[34mSELECT "items".* FROM "items"[0m
  ↳ app/views/items/index.html.erb:1
  Rendered items/index.html.erb within layouts/application (66.6ms)
Completed 200 OK in 101ms (Views: 86.4ms | ActiveRecord: 7.1ms)


Started GET "/1" for ::1 at 2019-11-25 12:38:36 +0100
  
ActionController::RoutingError (No route matches [GET] "/1"):
  
actionpack (5.2.3) lib/action_dispatch/middleware/debug_exceptions.rb:65:in `call'
web-console (3.7.0) lib/web_console/middleware.rb:135:in `call_app'
web-console (3.7.0) lib/web_console/middleware.rb:30:in `block in call'
web-console (3.7.0) lib/web_console/middleware.rb:20:in `catch'
web-console (3.7.0) lib/web_console/middleware.rb:20:in `call'
actionpack (5.2.3) lib/action_dispatch/middleware/show_exceptions.rb:33:in `call'
railties (5.2.3) lib/rails/rack/logger.rb:38:in `call_app'
railties (5.2.3) lib/rails/rack/logger.rb:26:in `block in call'
activesupport (5.2.3) lib/active_support/tagged_logging.rb:71:in `block in tagged'
activesupport (5.2.3) lib/active_support/tagged_logging.rb:28:in `tagged'
activesupport (5.2.3) lib/active_support/tagged_logging.rb:71:in `tagged'
railties (5.2.3) lib/rails/rack/logger.rb:26:in `call'
sprockets-rails (3.2.1) lib/sprockets/rails/quiet_assets.rb:13:in `call'
actionpack (5.2.3) lib/action_dispatch/middleware/remote_ip.rb:81:in `call'
actionpack (5.2.3) lib/action_dispatch/middleware/request_id.rb:27:in `call'
rack (2.0.7) lib/rack/method_override.rb:22:in `call'
rack (2.0.7) lib/rack/runtime.rb:22:in `call'
activesupport (5.2.3) lib/active_support/cache/strategy/local_cache_middleware.rb:29:in `call'
actionpack (5.2.3) lib/action_dispatch/middleware/executor.rb:14:in `call'
actionpack (5.2.3) lib/action_dispatch/middleware/static.rb:127:in `call'
rack (2.0.7) lib/rack/sendfile.rb:111:in `call'
railties (5.2.3) lib/rails/engine.rb:524:in `call'
puma (3.12.1) lib/puma/configuration.rb:227:in `call'
puma (3.12.1) lib/puma/server.rb:660:in `handle_request'
puma (3.12.1) lib/puma/server.rb:474:in `process_client'
puma (3.12.1) lib/puma/server.rb:334:in `block in run'
puma (3.12.1) lib/puma/thread_pool.rb:135:in `block in spawn_thread'
Started GET "/items/1" for ::1 at 2019-11-25 12:39:08 +0100
Processing by ItemsController#show as HTML
  Parameters: {"id"=>"1"}
  [1m[36mItem Load (0.7ms)[0m  [1m[34mSELECT  "items".* FROM "items" WHERE "items"."id" = $1 LIMIT $2[0m  [["id", 1], ["LIMIT", 1]]
  ↳ app/controllers/items_controller.rb:6
  Rendering items/show.html.erb within layouts/application
  Rendered items/show.html.erb within layouts/application (304.6ms)
Completed 500 Internal Server Error in 341ms (ActiveRecord: 1.1ms)


  
ActionView::Template::Error (undefined local variable or method `item' for #<#<Class:0x00007fa934042880>:0x00007fa92bd5b660>
Did you mean?  @item):
    1:       <td > "<%= item.title %>" </td>
    2:       <td> <%= item.description  %> </td>
    3:       <td> <%= item.price  %> </td>
    4:       <td> <%= item.image_url  %> </td>
  
app/views/items/show.html.erb:1:in `_app_views_items_show_html_erb__1445496249910040975_70182280840900'
Started GET "/items/1" for ::1 at 2019-11-25 12:39:59 +0100
Processing by ItemsController#show as HTML
  Parameters: {"id"=>"1"}
  [1m[36mItem Load (0.5ms)[0m  [1m[34mSELECT  "items".* FROM "items" WHERE "items"."id" = $1 LIMIT $2[0m  [["id", 1], ["LIMIT", 1]]
  ↳ app/controllers/items_controller.rb:6
  Rendering items/show.html.erb within layouts/application
  Rendered items/show.html.erb within layouts/application (0.7ms)
Completed 200 OK in 44ms (Views: 36.8ms | ActiveRecord: 0.5ms)


Started GET "/" for ::1 at 2019-11-25 12:41:55 +0100
Processing by ItemsController#index as HTML
  Rendering items/index.html.erb within layouts/application
  [1m[36mItem Load (1.1ms)[0m  [1m[34mSELECT "items".* FROM "items"[0m
  ↳ app/views/items/index.html.erb:1
  Rendered items/index.html.erb within layouts/application (14.5ms)
Completed 200 OK in 68ms (Views: 54.6ms | ActiveRecord: 1.1ms)


Started GET "/items/1" for ::1 at 2019-11-25 12:41:58 +0100
Processing by ItemsController#show as HTML
  Parameters: {"id"=>"1"}
  [1m[36mItem Load (0.5ms)[0m  [1m[34mSELECT  "items".* FROM "items" WHERE "items"."id" = $1 LIMIT $2[0m  [["id", 1], ["LIMIT", 1]]
  ↳ app/controllers/items_controller.rb:6
  Rendering items/show.html.erb within layouts/application
  Rendered items/show.html.erb within layouts/application (0.7ms)
Completed 200 OK in 49ms (Views: 41.5ms | ActiveRecord: 0.5ms)


Started GET "/items/4" for ::1 at 2019-11-25 12:42:11 +0100
Processing by ItemsController#show as HTML
  Parameters: {"id"=>"4"}
  [1m[36mItem Load (2.9ms)[0m  [1m[34mSELECT  "items".* FROM "items" WHERE "items"."id" = $1 LIMIT $2[0m  [["id", 4], ["LIMIT", 1]]
  ↳ app/controllers/items_controller.rb:6
  Rendering items/show.html.erb within layouts/application
  Rendered items/show.html.erb within layouts/application (0.7ms)
Completed 200 OK in 51ms (Views: 41.8ms | ActiveRecord: 2.9ms)


